#! /usr/bin/vvp
:ivl_version "12.0 (stable)";
:ivl_delay_selection "TYPICAL";
:vpi_time_precision - 12;
:vpi_module "/usr/lib/x86_64-linux-gnu/ivl/system.vpi";
:vpi_module "/usr/lib/x86_64-linux-gnu/ivl/vhdl_sys.vpi";
:vpi_module "/usr/lib/x86_64-linux-gnu/ivl/vhdl_textio.vpi";
:vpi_module "/usr/lib/x86_64-linux-gnu/ivl/v2005_math.vpi";
:vpi_module "/usr/lib/x86_64-linux-gnu/ivl/va_math.vpi";
S_0x5da95bc89a90 .scope module, "full_adder_tb" "full_adder_tb" 2 3;
 .timescale -9 -12;
v0x5da95bca1650_0 .var "a", 0 0;
v0x5da95bca1740_0 .var "b", 0 0;
v0x5da95bca1850_0 .var "cin", 0 0;
v0x5da95bca1940_0 .net "cout", 0 0, L_0x5da95bca1eb0;  1 drivers
v0x5da95bca19e0_0 .net "s", 0 0, L_0x5da95bca1c50;  1 drivers
S_0x5da95bc89c20 .scope module, "fa" "full_adder" 2 6, 3 1 0, S_0x5da95bc89a90;
 .timescale 0 0;
    .port_info 0 /INPUT 1 "a";
    .port_info 1 /INPUT 1 "b";
    .port_info 2 /INPUT 1 "cin";
    .port_info 3 /OUTPUT 1 "s";
    .port_info 4 /OUTPUT 1 "cout";
L_0x5da95bca1eb0 .functor OR 1, L_0x5da95bca1b90, L_0x5da95bca1d90, C4<0>, C4<0>;
v0x5da95bca0fa0_0 .net "a", 0 0, v0x5da95bca1650_0;  1 drivers
v0x5da95bca1060_0 .net "b", 0 0, v0x5da95bca1740_0;  1 drivers
v0x5da95bca1130_0 .net "cin", 0 0, v0x5da95bca1850_0;  1 drivers
v0x5da95bca1230_0 .net "cout", 0 0, L_0x5da95bca1eb0;  alias, 1 drivers
v0x5da95bca12d0_0 .net "ctemp1", 0 0, L_0x5da95bca1b90;  1 drivers
v0x5da95bca13c0_0 .net "ctemp2", 0 0, L_0x5da95bca1d90;  1 drivers
v0x5da95bca1490_0 .net "s", 0 0, L_0x5da95bca1c50;  alias, 1 drivers
v0x5da95bca1560_0 .net "stemp", 0 0, L_0x5da95bca1b20;  1 drivers
S_0x5da95bc88610 .scope module, "ha1" "half_adder" 3 4, 4 1 0, S_0x5da95bc89c20;
 .timescale 0 0;
    .port_info 0 /INPUT 1 "a";
    .port_info 1 /INPUT 1 "b";
    .port_info 2 /OUTPUT 1 "s";
    .port_info 3 /OUTPUT 1 "c";
L_0x5da95bca1b20 .functor XOR 1, v0x5da95bca1650_0, v0x5da95bca1740_0, C4<0>, C4<0>;
L_0x5da95bca1b90 .functor AND 1, v0x5da95bca1650_0, v0x5da95bca1740_0, C4<1>, C4<1>;
v0x5da95bc88890_0 .net "a", 0 0, v0x5da95bca1650_0;  alias, 1 drivers
v0x5da95bca0680_0 .net "b", 0 0, v0x5da95bca1740_0;  alias, 1 drivers
v0x5da95bca0740_0 .net "c", 0 0, L_0x5da95bca1b90;  alias, 1 drivers
v0x5da95bca0810_0 .net "s", 0 0, L_0x5da95bca1b20;  alias, 1 drivers
S_0x5da95bca0980 .scope module, "ha2" "half_adder" 3 5, 4 1 0, S_0x5da95bc89c20;
 .timescale 0 0;
    .port_info 0 /INPUT 1 "a";
    .port_info 1 /INPUT 1 "b";
    .port_info 2 /OUTPUT 1 "s";
    .port_info 3 /OUTPUT 1 "c";
L_0x5da95bca1c50 .functor XOR 1, L_0x5da95bca1b20, v0x5da95bca1850_0, C4<0>, C4<0>;
L_0x5da95bca1d90 .functor AND 1, L_0x5da95bca1b20, v0x5da95bca1850_0, C4<1>, C4<1>;
v0x5da95bca0bf0_0 .net "a", 0 0, L_0x5da95bca1b20;  alias, 1 drivers
v0x5da95bca0cc0_0 .net "b", 0 0, v0x5da95bca1850_0;  alias, 1 drivers
v0x5da95bca0d60_0 .net "c", 0 0, L_0x5da95bca1d90;  alias, 1 drivers
v0x5da95bca0e30_0 .net "s", 0 0, L_0x5da95bca1c50;  alias, 1 drivers
    .scope S_0x5da95bc89a90;
T_0 ;
    %vpi_call 2 8 "$dumpfile", "full_adder.vcd" {0 0 0};
    %vpi_call 2 9 "$dumpvars", 32'sb00000000000000000000000000000000, S_0x5da95bc89c20 {0 0 0};
    %pushi/vec4 0, 0, 1;
    %store/vec4 v0x5da95bca1650_0, 0, 1;
    %pushi/vec4 0, 0, 1;
    %store/vec4 v0x5da95bca1740_0, 0, 1;
    %pushi/vec4 0, 0, 1;
    %store/vec4 v0x5da95bca1850_0, 0, 1;
    %delay 100000, 0;
    %pushi/vec4 0, 0, 1;
    %store/vec4 v0x5da95bca1650_0, 0, 1;
    %pushi/vec4 1, 0, 1;
    %store/vec4 v0x5da95bca1740_0, 0, 1;
    %pushi/vec4 0, 0, 1;
    %store/vec4 v0x5da95bca1850_0, 0, 1;
    %delay 100000, 0;
    %pushi/vec4 1, 0, 1;
    %store/vec4 v0x5da95bca1650_0, 0, 1;
    %pushi/vec4 0, 0, 1;
    %store/vec4 v0x5da95bca1740_0, 0, 1;
    %pushi/vec4 0, 0, 1;
    %store/vec4 v0x5da95bca1850_0, 0, 1;
    %delay 100000, 0;
    %pushi/vec4 1, 0, 1;
    %store/vec4 v0x5da95bca1650_0, 0, 1;
    %pushi/vec4 1, 0, 1;
    %store/vec4 v0x5da95bca1740_0, 0, 1;
    %pushi/vec4 0, 0, 1;
    %store/vec4 v0x5da95bca1850_0, 0, 1;
    %delay 100000, 0;
    %pushi/vec4 0, 0, 1;
    %store/vec4 v0x5da95bca1650_0, 0, 1;
    %pushi/vec4 0, 0, 1;
    %store/vec4 v0x5da95bca1740_0, 0, 1;
    %pushi/vec4 1, 0, 1;
    %store/vec4 v0x5da95bca1850_0, 0, 1;
    %delay 100000, 0;
    %pushi/vec4 0, 0, 1;
    %store/vec4 v0x5da95bca1650_0, 0, 1;
    %pushi/vec4 1, 0, 1;
    %store/vec4 v0x5da95bca1740_0, 0, 1;
    %pushi/vec4 1, 0, 1;
    %store/vec4 v0x5da95bca1850_0, 0, 1;
    %delay 100000, 0;
    %pushi/vec4 1, 0, 1;
    %store/vec4 v0x5da95bca1650_0, 0, 1;
    %pushi/vec4 0, 0, 1;
    %store/vec4 v0x5da95bca1740_0, 0, 1;
    %pushi/vec4 1, 0, 1;
    %store/vec4 v0x5da95bca1850_0, 0, 1;
    %delay 100000, 0;
    %pushi/vec4 1, 0, 1;
    %store/vec4 v0x5da95bca1650_0, 0, 1;
    %pushi/vec4 1, 0, 1;
    %store/vec4 v0x5da95bca1740_0, 0, 1;
    %pushi/vec4 1, 0, 1;
    %store/vec4 v0x5da95bca1850_0, 0, 1;
    %delay 100000, 0;
    %vpi_call 2 21 "$finish" {0 0 0};
    %end;
    .thread T_0;
# The file index is used to find the file name in the following table.
:file_names 5;
    "N/A";
    "<interactive>";
    "full_adder_tb.v";
    "full_adder.v";
    "half_adder.v";
