#! /usr/bin/vvp
:ivl_version "12.0 (stable)";
:ivl_delay_selection "TYPICAL";
:vpi_time_precision - 12;
:vpi_module "/usr/lib/x86_64-linux-gnu/ivl/system.vpi";
:vpi_module "/usr/lib/x86_64-linux-gnu/ivl/vhdl_sys.vpi";
:vpi_module "/usr/lib/x86_64-linux-gnu/ivl/vhdl_textio.vpi";
:vpi_module "/usr/lib/x86_64-linux-gnu/ivl/v2005_math.vpi";
:vpi_module "/usr/lib/x86_64-linux-gnu/ivl/va_math.vpi";
:vpi_module "/usr/lib/x86_64-linux-gnu/ivl/v2009.vpi";
S_0x5c4d44891c40 .scope package, "$unit" "$unit" 2 1;
 .timescale 0 0;
S_0x5c4d44891dd0 .scope module, "memory_tb" "memory_tb" 3 3;
 .timescale -9 -12;
P_0x5c4d4487c2b0 .param/l "AD_LINES" 1 3 5, +C4<00000000000000000000000000010000>;
P_0x5c4d4487c2f0 .param/l "DATA_LINES" 1 3 6, +C4<00000000000000000000000000001000>;
L_0x5c4d4487f1d0 .functor AND 1, L_0x5c4d448b6d20, v0x5c4d448b68e0_0, C4<1>, C4<1>;
v0x5c4d448b6470_0 .net *"_ivl_1", 0 0, L_0x5c4d448b6d20;  1 drivers
v0x5c4d448b6550_0 .net *"_ivl_3", 0 0, L_0x5c4d4487f1d0;  1 drivers
o0x7dde2f1cf408 .functor BUFZ 8, C4<zzzzzzzz>; HiZ drive
; Elide local net with no drivers, v0x5c4d448b6610_0 name=_ivl_4
v0x5c4d448b6700_0 .var "addr_bus", 15 0;
v0x5c4d448b67f0_0 .var "clk", 0 0;
v0x5c4d448b68e0_0 .var "cs", 0 0;
RS_0x7dde2f1cf198 .resolv tri, L_0x5c4d448b6eb0, L_0x5c4d448b7270;
v0x5c4d448b69b0_0 .net8 "data_bus", 7 0, RS_0x7dde2f1cf198;  2 drivers
v0x5c4d448b6a80_0 .var "data_drv", 7 0;
v0x5c4d448b6b20_0 .var "rd_wr_bar", 0 0;
v0x5c4d448b6c80_0 .var "rdata", 7 0;
L_0x5c4d448b6d20 .reduce/nor v0x5c4d448b6b20_0;
L_0x5c4d448b6eb0 .functor MUXZ 8, o0x7dde2f1cf408, v0x5c4d448b6a80_0, L_0x5c4d4487f1d0, C4<>;
S_0x5c4d44856490 .scope module, "dut" "memory" 3 22, 4 1 0, S_0x5c4d44891dd0;
 .timescale 0 0;
    .port_info 0 /INPUT 1 "rd_wr_bar";
    .port_info 1 /INPUT 16 "addr_bus";
    .port_info 2 /INOUT 8 "data_bus";
    .port_info 3 /INPUT 1 "clk";
    .port_info 4 /INPUT 1 "cs";
P_0x5c4d4487c1d0 .param/l "AD_LINES" 0 4 2, +C4<00000000000000000000000000010000>;
P_0x5c4d4487c210 .param/l "DATA_LINES" 0 4 3, +C4<00000000000000000000000000001000>;
L_0x5c4d4487e6e0 .functor AND 1, v0x5c4d448b68e0_0, v0x5c4d448b6b20_0, C4<1>, C4<1>;
v0x5c4d4487f330_0 .net *"_ivl_1", 0 0, L_0x5c4d4487e6e0;  1 drivers
v0x5c4d4487e800_0 .net *"_ivl_2", 7 0, L_0x5c4d448b7010;  1 drivers
v0x5c4d4487f940_0 .net *"_ivl_4", 17 0, L_0x5c4d448b70e0;  1 drivers
L_0x7dde2f186018 .functor BUFT 1, C4<00>, C4<0>, C4<0>, C4<0>;
v0x5c4d44881ec0_0 .net *"_ivl_7", 1 0, L_0x7dde2f186018;  1 drivers
o0x7dde2f1cf0d8 .functor BUFZ 8, C4<zzzzzzzz>; HiZ drive
; Elide local net with no drivers, v0x5c4d44880800_0 name=_ivl_8
v0x5c4d448b5780_0 .net "addr_bus", 15 0, v0x5c4d448b6700_0;  1 drivers
v0x5c4d448b5860_0 .net "clk", 0 0, v0x5c4d448b67f0_0;  1 drivers
v0x5c4d448b5920_0 .net "cs", 0 0, v0x5c4d448b68e0_0;  1 drivers
v0x5c4d448b59e0_0 .net8 "data_bus", 7 0, RS_0x7dde2f1cf198;  alias, 2 drivers
v0x5c4d448b5ac0 .array "mem", 65535 0, 7 0;
v0x5c4d448b5b80_0 .net "rd_wr_bar", 0 0, v0x5c4d448b6b20_0;  1 drivers
E_0x5c4d448900e0 .event posedge, v0x5c4d448b5860_0;
L_0x5c4d448b7010 .array/port v0x5c4d448b5ac0, L_0x5c4d448b70e0;
L_0x5c4d448b70e0 .concat [ 16 2 0 0], v0x5c4d448b6700_0, L_0x7dde2f186018;
L_0x5c4d448b7270 .functor MUXZ 8, o0x7dde2f1cf0d8, L_0x5c4d448b7010, L_0x5c4d4487e6e0, C4<>;
S_0x5c4d448b5ce0 .scope autotask, "mem_read" "mem_read" 3 54, 3 54 0, S_0x5c4d44891dd0;
 .timescale -9 -12;
v0x5c4d448b5eb0_0 .var "rd_addr", 15 0;
v0x5c4d448b5fb0_0 .var "rd_data", 7 0;
E_0x5c4d448903a0 .event negedge, v0x5c4d448b5860_0;
TD_memory_tb.mem_read ;
    %wait E_0x5c4d448903a0;
    %pushi/vec4 1, 0, 1;
    %store/vec4 v0x5c4d448b68e0_0, 0, 1;
    %pushi/vec4 1, 0, 1;
    %store/vec4 v0x5c4d448b6b20_0, 0, 1;
    %load/vec4 v0x5c4d448b5eb0_0;
    %store/vec4 v0x5c4d448b6700_0, 0, 16;
    %delay 1000, 0;
    %load/vec4 v0x5c4d448b69b0_0;
    %store/vec4 v0x5c4d448b5fb0_0, 0, 8;
    %wait E_0x5c4d448903a0;
    %pushi/vec4 0, 0, 1;
    %store/vec4 v0x5c4d448b68e0_0, 0, 1;
    %end;
S_0x5c4d448b6090 .scope autotask, "mem_write" "mem_write" 3 37, 3 37 0, S_0x5c4d44891dd0;
 .timescale -9 -12;
v0x5c4d448b6290_0 .var "wr_addr", 15 0;
v0x5c4d448b6390_0 .var "wr_data", 7 0;
E_0x5c4d4488fdb0 .event negedge, v0x5c4d448b5860_0;
TD_memory_tb.mem_write ;
    %wait E_0x5c4d4488fdb0;
    %pushi/vec4 1, 0, 1;
    %store/vec4 v0x5c4d448b68e0_0, 0, 1;
    %pushi/vec4 0, 0, 1;
    %store/vec4 v0x5c4d448b6b20_0, 0, 1;
    %load/vec4 v0x5c4d448b6290_0;
    %store/vec4 v0x5c4d448b6700_0, 0, 16;
    %load/vec4 v0x5c4d448b6390_0;
    %store/vec4 v0x5c4d448b6a80_0, 0, 8;
    %wait E_0x5c4d448900e0;
    %wait E_0x5c4d4488fdb0;
    %pushi/vec4 0, 0, 1;
    %store/vec4 v0x5c4d448b68e0_0, 0, 1;
    %pushi/vec4 0, 255, 8;
    %store/vec4 v0x5c4d448b6a80_0, 0, 8;
    %end;
    .scope S_0x5c4d44856490;
T_2 ;
    %wait E_0x5c4d448900e0;
    %load/vec4 v0x5c4d448b5920_0;
    %flag_set/vec4 9;
    %flag_get/vec4 9;
    %jmp/0 T_2.2, 9;
    %load/vec4 v0x5c4d448b5b80_0;
    %nor/r;
    %and;
T_2.2;
    %flag_set/vec4 8;
    %jmp/0xz  T_2.0, 8;
    %load/vec4 v0x5c4d448b59e0_0;
    %load/vec4 v0x5c4d448b5780_0;
    %pad/u 18;
    %ix/vec4 3;
    %ix/load 4, 0, 0; Constant delay
    %assign/vec4/a/d v0x5c4d448b5ac0, 0, 4;
T_2.0 ;
    %jmp T_2;
    .thread T_2;
    .scope S_0x5c4d44891dd0;
T_3 ;
    %pushi/vec4 0, 0, 1;
    %store/vec4 v0x5c4d448b67f0_0, 0, 1;
T_3.0 ;
    %delay 5000, 0;
    %load/vec4 v0x5c4d448b67f0_0;
    %inv;
    %store/vec4 v0x5c4d448b67f0_0, 0, 1;
    %jmp T_3.0;
    %end;
    .thread T_3;
    .scope S_0x5c4d44891dd0;
T_4 ;
    %pushi/vec4 0, 0, 1;
    %store/vec4 v0x5c4d448b68e0_0, 0, 1;
    %pushi/vec4 1, 0, 1;
    %store/vec4 v0x5c4d448b6b20_0, 0, 1;
    %pushi/vec4 0, 0, 16;
    %store/vec4 v0x5c4d448b6700_0, 0, 16;
    %pushi/vec4 0, 255, 8;
    %store/vec4 v0x5c4d448b6a80_0, 0, 8;
    %alloc S_0x5c4d448b6090;
    %pushi/vec4 0, 0, 16;
    %store/vec4 v0x5c4d448b6290_0, 0, 16;
    %pushi/vec4 170, 0, 8;
    %store/vec4 v0x5c4d448b6390_0, 0, 8;
    %fork TD_memory_tb.mem_write, S_0x5c4d448b6090;
    %join;
    %free S_0x5c4d448b6090;
    %alloc S_0x5c4d448b6090;
    %pushi/vec4 1, 0, 16;
    %store/vec4 v0x5c4d448b6290_0, 0, 16;
    %pushi/vec4 85, 0, 8;
    %store/vec4 v0x5c4d448b6390_0, 0, 8;
    %fork TD_memory_tb.mem_write, S_0x5c4d448b6090;
    %join;
    %free S_0x5c4d448b6090;
    %alloc S_0x5c4d448b6090;
    %pushi/vec4 4660, 0, 16;
    %store/vec4 v0x5c4d448b6290_0, 0, 16;
    %pushi/vec4 222, 0, 8;
    %store/vec4 v0x5c4d448b6390_0, 0, 8;
    %fork TD_memory_tb.mem_write, S_0x5c4d448b6090;
    %join;
    %free S_0x5c4d448b6090;
    %alloc S_0x5c4d448b6090;
    %pushi/vec4 65535, 0, 16;
    %store/vec4 v0x5c4d448b6290_0, 0, 16;
    %pushi/vec4 173, 0, 8;
    %store/vec4 v0x5c4d448b6390_0, 0, 8;
    %fork TD_memory_tb.mem_write, S_0x5c4d448b6090;
    %join;
    %free S_0x5c4d448b6090;
    %alloc S_0x5c4d448b5ce0;
    %pushi/vec4 0, 0, 16;
    %store/vec4 v0x5c4d448b5eb0_0, 0, 16;
    %fork TD_memory_tb.mem_read, S_0x5c4d448b5ce0;
    %join;
    %load/vec4 v0x5c4d448b5fb0_0;
    %store/vec4 v0x5c4d448b6c80_0, 0, 8;
    %free S_0x5c4d448b5ce0;
    %vpi_call/w 3 85 "$display", "Addr=0000 Data=%h Expected=AA", v0x5c4d448b6c80_0 {0 0 0};
    %alloc S_0x5c4d448b5ce0;
    %pushi/vec4 1, 0, 16;
    %store/vec4 v0x5c4d448b5eb0_0, 0, 16;
    %fork TD_memory_tb.mem_read, S_0x5c4d448b5ce0;
    %join;
    %load/vec4 v0x5c4d448b5fb0_0;
    %store/vec4 v0x5c4d448b6c80_0, 0, 8;
    %free S_0x5c4d448b5ce0;
    %vpi_call/w 3 88 "$display", "Addr=0001 Data=%h Expected=55", v0x5c4d448b6c80_0 {0 0 0};
    %alloc S_0x5c4d448b5ce0;
    %pushi/vec4 4660, 0, 16;
    %store/vec4 v0x5c4d448b5eb0_0, 0, 16;
    %fork TD_memory_tb.mem_read, S_0x5c4d448b5ce0;
    %join;
    %load/vec4 v0x5c4d448b5fb0_0;
    %store/vec4 v0x5c4d448b6c80_0, 0, 8;
    %free S_0x5c4d448b5ce0;
    %vpi_call/w 3 91 "$display", "Addr=1234 Data=%h Expected=DE", v0x5c4d448b6c80_0 {0 0 0};
    %alloc S_0x5c4d448b5ce0;
    %pushi/vec4 65535, 0, 16;
    %store/vec4 v0x5c4d448b5eb0_0, 0, 16;
    %fork TD_memory_tb.mem_read, S_0x5c4d448b5ce0;
    %join;
    %load/vec4 v0x5c4d448b5fb0_0;
    %store/vec4 v0x5c4d448b6c80_0, 0, 8;
    %free S_0x5c4d448b5ce0;
    %vpi_call/w 3 94 "$display", "Addr=FFFF Data=%h Expected=AD", v0x5c4d448b6c80_0 {0 0 0};
    %alloc S_0x5c4d448b5ce0;
    %pushi/vec4 0, 0, 16;
    %store/vec4 v0x5c4d448b5eb0_0, 0, 16;
    %fork TD_memory_tb.mem_read, S_0x5c4d448b5ce0;
    %join;
    %load/vec4 v0x5c4d448b5fb0_0;
    %store/vec4 v0x5c4d448b6c80_0, 0, 8;
    %free S_0x5c4d448b5ce0;
    %load/vec4 v0x5c4d448b6c80_0;
    %cmpi/e 170, 0, 8;
    %jmp/0xz  T_4.0, 4;
    %jmp T_4.1;
T_4.0 ;
    %vpi_call/w 3 98 "$error" {0 0 0};
T_4.1 ;
    %alloc S_0x5c4d448b5ce0;
    %pushi/vec4 1, 0, 16;
    %store/vec4 v0x5c4d448b5eb0_0, 0, 16;
    %fork TD_memory_tb.mem_read, S_0x5c4d448b5ce0;
    %join;
    %load/vec4 v0x5c4d448b5fb0_0;
    %store/vec4 v0x5c4d448b6c80_0, 0, 8;
    %free S_0x5c4d448b5ce0;
    %load/vec4 v0x5c4d448b6c80_0;
    %cmpi/e 85, 0, 8;
    %jmp/0xz  T_4.2, 4;
    %jmp T_4.3;
T_4.2 ;
    %vpi_call/w 3 101 "$error" {0 0 0};
T_4.3 ;
    %alloc S_0x5c4d448b5ce0;
    %pushi/vec4 4660, 0, 16;
    %store/vec4 v0x5c4d448b5eb0_0, 0, 16;
    %fork TD_memory_tb.mem_read, S_0x5c4d448b5ce0;
    %join;
    %load/vec4 v0x5c4d448b5fb0_0;
    %store/vec4 v0x5c4d448b6c80_0, 0, 8;
    %free S_0x5c4d448b5ce0;
    %load/vec4 v0x5c4d448b6c80_0;
    %cmpi/e 222, 0, 8;
    %jmp/0xz  T_4.4, 4;
    %jmp T_4.5;
T_4.4 ;
    %vpi_call/w 3 104 "$error" {0 0 0};
T_4.5 ;
    %alloc S_0x5c4d448b5ce0;
    %pushi/vec4 65535, 0, 16;
    %store/vec4 v0x5c4d448b5eb0_0, 0, 16;
    %fork TD_memory_tb.mem_read, S_0x5c4d448b5ce0;
    %join;
    %load/vec4 v0x5c4d448b5fb0_0;
    %store/vec4 v0x5c4d448b6c80_0, 0, 8;
    %free S_0x5c4d448b5ce0;
    %load/vec4 v0x5c4d448b6c80_0;
    %cmpi/e 173, 0, 8;
    %jmp/0xz  T_4.6, 4;
    %jmp T_4.7;
T_4.6 ;
    %vpi_call/w 3 107 "$error" {0 0 0};
T_4.7 ;
    %vpi_call/w 3 109 "$display", "TEST PASSED" {0 0 0};
    %vpi_call/w 3 110 "$finish" {0 0 0};
    %end;
    .thread T_4;
# The file index is used to find the file name in the following table.
:file_names 5;
    "N/A";
    "<interactive>";
    "-";
    "../testbench/memory_tb.sv";
    "memory.sv";
